[debug] [2021-03-11T13:51:44.271Z] ----------------------------------------------------------------------
[debug] [2021-03-11T13:51:44.274Z] Command:       /usr/local/Cellar/node/15.3.0/bin/node /usr/local/bin/firebase deploy
[debug] [2021-03-11T13:51:44.275Z] CLI Version:   9.5.0
[debug] [2021-03-11T13:51:44.275Z] Platform:      darwin
[debug] [2021-03-11T13:51:44.275Z] Node Version:  v15.3.0
[debug] [2021-03-11T13:51:44.277Z] Time:          Thu Mar 11 2021 19:21:44 GMT+0530 (India Standard Time)
[debug] [2021-03-11T13:51:44.277Z] ----------------------------------------------------------------------
[debug] [2021-03-11T13:51:44.277Z] 
[debug] [2021-03-11T13:51:44.285Z] > command requires scopes: ["email","openid","https://www.googleapis.com/auth/cloudplatformprojects.readonly","https://www.googleapis.com/auth/firebase","https://www.googleapis.com/auth/cloud-platform"]
[debug] [2021-03-11T13:51:44.286Z] > authorizing via signed-in user
[debug] [2021-03-11T13:51:44.286Z] [iam] checking project mresta-acf9a for permissions ["firebase.projects.get","firebasehosting.sites.update"]
[debug] [2021-03-11T13:51:44.289Z] >>> HTTP REQUEST POST https://cloudresourcemanager.googleapis.com/v1/projects/mresta-acf9a:testIamPermissions  
 {"permissions":["firebase.projects.get","firebasehosting.sites.update"]}
[debug] [2021-03-11T13:51:46.127Z] <<< HTTP RESPONSE 200 {"content-type":"application/json; charset=UTF-8","vary":"X-Origin, Referer, Origin,Accept-Encoding","date":"Thu, 11 Mar 2021 13:51:46 GMT","server":"ESF","cache-control":"private","x-xss-protection":"0","x-frame-options":"SAMEORIGIN","x-content-type-options":"nosniff","server-timing":"gfet4t7; dur=1367","alt-svc":"h3-29=\":443\"; ma=2592000,h3-T051=\":443\"; ma=2592000,h3-Q050=\":443\"; ma=2592000,h3-Q046=\":443\"; ma=2592000,h3-Q043=\":443\"; ma=2592000,quic=\":443\"; ma=2592000; v=\"46,43\"","accept-ranges":"none","transfer-encoding":"chunked"}
[debug] [2021-03-11T13:51:46.132Z] > refreshing access token with scopes: []
[debug] [2021-03-11T13:51:46.133Z] >>> HTTP REQUEST POST https://www.googleapis.com/oauth2/v3/token  
 <request body omitted>
[debug] [2021-03-11T13:51:46.472Z] <<< HTTP RESPONSE 200 {"cache-control":"no-cache, no-store, max-age=0, must-revalidate","date":"Thu, 11 Mar 2021 13:51:46 GMT","pragma":"no-cache","expires":"Mon, 01 Jan 1990 00:00:00 GMT","content-type":"application/json; charset=utf-8","vary":"X-Origin, Referer, Origin,Accept-Encoding","server":"scaffolding on HTTPServer2","x-xss-protection":"0","x-frame-options":"SAMEORIGIN","x-content-type-options":"nosniff","alt-svc":"h3-29=\":443\"; ma=2592000,h3-T051=\":443\"; ma=2592000,h3-Q050=\":443\"; ma=2592000,h3-Q046=\":443\"; ma=2592000,h3-Q043=\":443\"; ma=2592000,quic=\":443\"; ma=2592000; v=\"46,43\"","accept-ranges":"none","transfer-encoding":"chunked"}
[debug] [2021-03-11T13:51:46.495Z] >>> [apiv2][query] GET https://firebase.googleapis.com/v1beta1/projects/mresta-acf9a [none]
[debug] [2021-03-11T13:51:47.422Z] <<< [apiv2][status] GET https://firebase.googleapis.com/v1beta1/projects/mresta-acf9a 200
[debug] [2021-03-11T13:51:47.423Z] <<< [apiv2][body] GET https://firebase.googleapis.com/v1beta1/projects/mresta-acf9a {"projectId":"mresta-acf9a","projectNumber":"598440874412","displayName":"mresta","name":"projects/mresta-acf9a","resources":{"hostingSite":"mresta-acf9a"},"state":"ACTIVE"}
[info] 
[info] === Deploying to 'mresta-acf9a'...
[info] 
[info] i  deploying hosting 
[debug] [2021-03-11T13:51:47.437Z] > refreshing access token with scopes: ["email","https://www.googleapis.com/auth/cloud-platform","https://www.googleapis.com/auth/cloudplatformprojects.readonly","https://www.googleapis.com/auth/firebase","openid"]
[debug] [2021-03-11T13:51:47.437Z] >>> HTTP REQUEST POST https://www.googleapis.com/oauth2/v3/token  
 <request body omitted>
[debug] [2021-03-11T13:51:47.802Z] <<< HTTP RESPONSE 200 {"pragma":"no-cache","date":"Thu, 11 Mar 2021 13:51:48 GMT","expires":"Mon, 01 Jan 1990 00:00:00 GMT","cache-control":"no-cache, no-store, max-age=0, must-revalidate","content-type":"application/json; charset=utf-8","vary":"X-Origin, Referer, Origin,Accept-Encoding","server":"scaffolding on HTTPServer2","x-xss-protection":"0","x-frame-options":"SAMEORIGIN","x-content-type-options":"nosniff","alt-svc":"h3-29=\":443\"; ma=2592000,h3-T051=\":443\"; ma=2592000,h3-Q050=\":443\"; ma=2592000,h3-Q046=\":443\"; ma=2592000,h3-Q043=\":443\"; ma=2592000,quic=\":443\"; ma=2592000; v=\"46,43\"","accept-ranges":"none","transfer-encoding":"chunked"}
[debug] [2021-03-11T13:51:47.822Z] >>> HTTP REQUEST POST https://firebasehosting.googleapis.com/v1beta1/sites/mresta-acf9a/versions  
 {"config":{"rewrites":[{"glob":"**","path":"/index.html"}]},"labels":{"deployment-tool":"cli-firebase"}}
[debug] [2021-03-11T13:51:50.467Z] <<< HTTP RESPONSE 200 {"content-type":"application/json; charset=UTF-8","vary":"X-Origin, Referer, Origin,Accept-Encoding","date":"Thu, 11 Mar 2021 13:51:50 GMT","server":"ESF","cache-control":"private","x-xss-protection":"0","x-frame-options":"SAMEORIGIN","x-content-type-options":"nosniff","alt-svc":"h3-29=\":443\"; ma=2592000,h3-T051=\":443\"; ma=2592000,h3-Q050=\":443\"; ma=2592000,h3-Q046=\":443\"; ma=2592000,h3-Q043=\":443\"; ma=2592000,quic=\":443\"; ma=2592000; v=\"46,43\"","accept-ranges":"none","transfer-encoding":"chunked"}
[info] i  hosting[mresta-acf9a]: beginning deploy... 
[info] i  hosting[mresta-acf9a]: found 37 files in out 
[debug] [2021-03-11T13:51:50.889Z] > refreshing access token with scopes: []
[debug] [2021-03-11T13:51:50.889Z] >>> HTTP REQUEST POST https://www.googleapis.com/oauth2/v3/token  
 <request body omitted>
[debug] [2021-03-11T13:51:50.890Z] [hosting] hash cache [b3V0] stored for 37 files
[debug] [2021-03-11T13:51:50.891Z] [hosting][hash queue][FINAL] {"max":390,"min":35,"avg":62.21621621621622,"active":0,"complete":37,"success":37,"errored":0,"retried":0,"total":37,"elapsed":398}
